<?xml version="1.0" encoding="UTF-8"?>
<!-- Generated by org.testng.reporters.JUnitReportReporter -->
<testsuite hostname="DESKTOP-K13N48C" failures="0" tests="4" name="api.test.UserTest2" time="10.521" errors="0" timestamp="2024-03-28T15:18:02 IST" skipped="0">
  <testcase classname="api.test.UserTest2" name="testpostUser" time="4.427"/>
  <testcase classname="api.test.UserTest2" name="testGetUser" time="1.625"/>
  <testcase classname="api.test.UserTest2" name="testUpdateUser" time="3.055"/>
  <testcase classname="api.test.UserTest2" name="testDeleteUser" time="1.414"/>
</testsuite> <!-- api.test.UserTest2 -->
