<?xml version="1.0" encoding="UTF-8"?>
<!-- Generated by org.testng.reporters.JUnitReportReporter -->
<testsuite hostname="DESKTOP-K13N48C" failures="0" tests="4" name="api.test.UserTest" time="10.795" errors="0" timestamp="2024-03-28T15:16:43 IST" skipped="0">
  <testcase classname="api.test.UserTest" name="testpostUser" time="4.820"/>
  <testcase classname="api.test.UserTest" name="testGetUser" time="1.506"/>
  <testcase classname="api.test.UserTest" name="testUpdateUser" time="3.028"/>
  <testcase classname="api.test.UserTest" name="testDeleteUser" time="1.441"/>
</testsuite> <!-- api.test.UserTest -->
